2020-01-09T10:55:05.879+07:00 | [31mWARN [0;39m | [32morg.springframework.boot.StartupInfoLogger[0;39m - InetAddress.getLocalHost().getHostName() took 5005 milliseconds to respond. Please verify your network configuration (macOS machines may need to add entries to /etc/hosts).
2020-01-09T10:55:10.888+07:00 | [34mINFO [0;39m | [32mcom.example.demo.DemoApplication[0;39m - Starting DemoApplication on Passakorns-MacBook-Pro.local with PID 2082 (/Users/passakornchoosuk/Playgrounds/SpringBoot/demo1/target/classes started by passakornchoosuk in /Users/passakornchoosuk/Playgrounds/SpringBoot/demo1)
2020-01-09T10:55:10.889+07:00 | [34mINFO [0;39m | [32mcom.example.demo.DemoApplication[0;39m - No active profile set, falling back to default profiles: default
2020-01-09T10:55:10.944+07:00 | [34mINFO [0;39m | [32morg.springframework.boot.devtools.env.DevToolsPropertyDefaultsPostProcessor[0;39m - Devtools property defaults active! Set 'spring.devtools.add-properties' to 'false' to disable
2020-01-09T10:55:10.944+07:00 | [34mINFO [0;39m | [32morg.springframework.boot.devtools.env.DevToolsPropertyDefaultsPostProcessor[0;39m - For additional web related logging consider setting the 'logging.level.web' property to 'DEBUG'
2020-01-09T10:55:11.838+07:00 | [34mINFO [0;39m | [32morg.springframework.boot.web.embedded.tomcat.TomcatWebServer[0;39m - Tomcat initialized with port(s): 8080 (http)
2020-01-09T10:55:11.845+07:00 | [34mINFO [0;39m | [32morg.apache.coyote.http11.Http11NioProtocol[0;39m - Initializing ProtocolHandler ["http-nio-8080"]
2020-01-09T10:55:11.846+07:00 | [34mINFO [0;39m | [32morg.apache.catalina.core.StandardService[0;39m - Starting service [Tomcat]
2020-01-09T10:55:11.846+07:00 | [34mINFO [0;39m | [32morg.apache.catalina.core.StandardEngine[0;39m - Starting Servlet engine: [Apache Tomcat/9.0.29]
2020-01-09T10:55:11.905+07:00 | [34mINFO [0;39m | [32morg.apache.catalina.core.ContainerBase.[Tomcat].[localhost].[/][0;39m - Initializing Spring embedded WebApplicationContext
2020-01-09T10:55:11.905+07:00 | [34mINFO [0;39m | [32morg.springframework.web.context.ContextLoader[0;39m - Root WebApplicationContext: initialization completed in 961 ms
2020-01-09T10:55:12.065+07:00 | [34mINFO [0;39m | [32morg.springframework.scheduling.concurrent.ThreadPoolTaskExecutor[0;39m - Initializing ExecutorService 'applicationTaskExecutor'
2020-01-09T10:55:12.209+07:00 | [31mWARN [0;39m | [32morg.springframework.boot.autoconfigure.groovy.template.GroovyTemplateAutoConfiguration[0;39m - Cannot find template location: classpath:/templates/ (please add some templates, check your Groovy configuration, or set spring.groovy.template.check-template-location=false)
2020-01-09T10:55:12.382+07:00 | [34mINFO [0;39m | [32morg.springframework.boot.devtools.autoconfigure.OptionalLiveReloadServer[0;39m - LiveReload server is running on port 35729
2020-01-09T10:55:12.407+07:00 | [34mINFO [0;39m | [32morg.apache.coyote.http11.Http11NioProtocol[0;39m - Starting ProtocolHandler ["http-nio-8080"]
2020-01-09T10:55:12.448+07:00 | [34mINFO [0;39m | [32morg.springframework.boot.web.embedded.tomcat.TomcatWebServer[0;39m - Tomcat started on port(s): 8080 (http) with context path ''
2020-01-09T10:55:12.453+07:00 | [34mINFO [0;39m | [32mcom.example.demo.DemoApplication[0;39m - Started DemoApplication in 27.012 seconds (JVM running for 38.704)
2020-01-09T11:02:20.559+07:00 | [34mINFO [0;39m | [32morg.springframework.scheduling.concurrent.ThreadPoolTaskExecutor[0;39m - Shutting down ExecutorService 'applicationTaskExecutor'
2020-01-09T11:02:54.743+07:00 | WARN  | org.springframework.boot.StartupInfoLogger - InetAddress.getLocalHost().getHostName() took 5000 milliseconds to respond. Please verify your network configuration (macOS machines may need to add entries to /etc/hosts).
2020-01-09T11:02:59.754+07:00 | INFO  | com.example.demo.DemoApplication - Starting DemoApplication on Passakorns-MacBook-Pro.local with PID 2124 (/Users/passakornchoosuk/Playgrounds/SpringBoot/demo1/target/classes started by passakornchoosuk in /Users/passakornchoosuk/Playgrounds/SpringBoot/demo1)
2020-01-09T11:02:59.755+07:00 | INFO  | com.example.demo.DemoApplication - No active profile set, falling back to default profiles: default
2020-01-09T11:02:59.796+07:00 | INFO  | org.springframework.boot.devtools.env.DevToolsPropertyDefaultsPostProcessor - Devtools property defaults active! Set 'spring.devtools.add-properties' to 'false' to disable
2020-01-09T11:02:59.796+07:00 | INFO  | org.springframework.boot.devtools.env.DevToolsPropertyDefaultsPostProcessor - For additional web related logging consider setting the 'logging.level.web' property to 'DEBUG'
2020-01-09T11:03:00.669+07:00 | INFO  | org.springframework.boot.web.embedded.tomcat.TomcatWebServer - Tomcat initialized with port(s): 8080 (http)
2020-01-09T11:03:00.676+07:00 | INFO  | org.apache.coyote.http11.Http11NioProtocol - Initializing ProtocolHandler ["http-nio-8080"]
2020-01-09T11:03:00.677+07:00 | INFO  | org.apache.catalina.core.StandardService - Starting service [Tomcat]
2020-01-09T11:03:00.677+07:00 | INFO  | org.apache.catalina.core.StandardEngine - Starting Servlet engine: [Apache Tomcat/9.0.29]
2020-01-09T11:03:00.729+07:00 | INFO  | org.apache.catalina.core.ContainerBase.[Tomcat].[localhost].[/] - Initializing Spring embedded WebApplicationContext
2020-01-09T11:03:00.729+07:00 | INFO  | org.springframework.web.context.ContextLoader - Root WebApplicationContext: initialization completed in 933 ms
2020-01-09T11:03:00.867+07:00 | INFO  | org.springframework.scheduling.concurrent.ThreadPoolTaskExecutor - Initializing ExecutorService 'applicationTaskExecutor'
2020-01-09T11:03:00.996+07:00 | WARN  | org.springframework.boot.autoconfigure.groovy.template.GroovyTemplateAutoConfiguration - Cannot find template location: classpath:/templates/ (please add some templates, check your Groovy configuration, or set spring.groovy.template.check-template-location=false)
2020-01-09T11:03:01.139+07:00 | INFO  | org.springframework.boot.devtools.autoconfigure.OptionalLiveReloadServer - LiveReload server is running on port 35729
2020-01-09T11:03:01.159+07:00 | INFO  | org.apache.coyote.http11.Http11NioProtocol - Starting ProtocolHandler ["http-nio-8080"]
2020-01-09T11:03:01.193+07:00 | INFO  | org.springframework.boot.web.embedded.tomcat.TomcatWebServer - Tomcat started on port(s): 8080 (http) with context path ''
2020-01-09T11:03:01.197+07:00 | INFO  | com.example.demo.DemoApplication - Started DemoApplication in 26.891 seconds (JVM running for 38.531)
2020-01-09T11:06:36.093+07:00 | INFO  | org.springframework.scheduling.concurrent.ThreadPoolTaskExecutor - Shutting down ExecutorService 'applicationTaskExecutor'
